In file included from bAddParams.cpp:1:0:
bAddParams.hpp:10:21: fatal error: Simbody.h: No such file or directory
compilation terminated.
g++ -Wall -fPIC -g -c bAddParams.cpp -I/home/lspirido/Installers/simbody/SimTK-3.0/include -I/home/lspirido/Installers/simbody/SimTK-3.0/include/molmodel/internal -I/home/lspirido/Installers/simbody/simbody-Simbody-3.0 -I/home/lspirido/Installers/molmodel/molmodel-3.0.0/src -I/home/lspirido/Installers/molmodel/molmodel-3.0.0/include -I/home/lspirido/Installers/boost_1_55_0 -o bAddParams.oIn file included from bMainResidue.hpp:4:0,
                 from bMainResidue.cpp:1:
bMoleculeReader.hpp:14:22: fatal error: Molmodel.h: No such file or directory
compilation terminated.
g++ -Wall -fPIC -g -c bMainResidue.cpp -I/home/lspirido/Installers/simbody/SimTK-3.0/include -I/home/lspirido/Installers/simbody/SimTK-3.0/include/molmodel/internal -I/home/lspirido/Installers/simbody/simbody-Simbody-3.0 -I/home/lspirido/Installers/molmodel/molmodel-3.0.0/src -I/home/lspirido/Installers/molmodel/molmodel-3.0.0/include -I/home/lspirido/Installers/boost_1_55_0 -o bMainResidue.oIn file included from bMoleculeReader.cpp:1:0:
bMoleculeReader.hpp:14:22: fatal error: Molmodel.h: No such file or directory
compilation terminated.
g++ -Wall -fPIC -g -c bMoleculeReader.cpp -I/home/lspirido/Installers/simbody/SimTK-3.0/include -I/home/lspirido/Installers/simbody/SimTK-3.0/include/molmodel/internal -I/home/lspirido/Installers/simbody/simbody-Simbody-3.0 -I/home/lspirido/Installers/molmodel/molmodel-3.0.0/src -I/home/lspirido/Installers/molmodel/molmodel-3.0.0/include -I/home/lspirido/Installers/boost_1_55_0 -o bMoleculeReader.og++ -std=gnu++0x -Wall -fPIC -g -c bSystem.cpp -DNUMPY=1 -I/home/lspirido/Installers/simbody/SimTK-3.0/include -I/home/lspirido/Installers/simbody/SimTK-3.0/include/molmodel/internal -I/home/lspirido/Installers/simbody/simbody-Simbody-3.0 -I/home/lspirido/Installers/molmodel/molmodel-3.0.0/src -I/home/lspirido/Installers/molmodel/molmodel-3.0.0/include -I/home/lspirido/Installers/boost_1_55_0 -I/share/apps/miniconda/2/include/python2.7 -I/usr/include/python2.6 -I/export/apps/amber/12/AmberTools/src/mtkpp/srIn file included from bSystem.cpp:1:0:
bSystem.hpp:15:23: fatal error: Eigen/Dense: No such file or directory
compilation terminated.
c/eigen3b2 -I/share/apps/miniconda/2/lib/python2.7/site-packages/numpy/core/include -l_compiled_base -llapack -o bSystem.o